<?xml version="1.0" encoding="UTF-8"?>
<testng-results ignored="0" total="1" passed="1" failed="0" skipped="0">
  <reporter-output>
  </reporter-output>
  <suite started-at="2019-03-11T18:37:01Z" name="Default suite" finished-at="2019-03-11T18:37:32Z" duration-ms="30986">
    <groups>
    </groups>
    <test started-at="2019-03-11T18:37:01Z" name="Default test" finished-at="2019-03-11T18:37:32Z" duration-ms="30986">
      <class name="Group001.HomeCredit.NewCustomerCreated">
        <test-method is-config="true" signature="beforeMethod()[pri:0, instance:Group001.HomeCredit.NewCustomerCreated@2f54a33d]" started-at="2019-03-11T18:37:01Z" name="beforeMethod" finished-at="2019-03-11T18:37:11Z" duration-ms="10210" status="PASS">
          <reporter-output>
          </reporter-output>
        </test-method> <!-- beforeMethod -->
        <test-method signature="main()[pri:0, instance:Group001.HomeCredit.NewCustomerCreated@2f54a33d]" started-at="2019-03-11T18:37:11Z" name="main" finished-at="2019-03-11T18:37:32Z" duration-ms="20597" status="PASS">
          <reporter-output>
          </reporter-output>
        </test-method> <!-- main -->
        <test-method is-config="true" signature="afterMethod()[pri:0, instance:Group001.HomeCredit.NewCustomerCreated@2f54a33d]" started-at="2019-03-11T18:37:32Z" name="afterMethod" finished-at="2019-03-11T18:37:32Z" duration-ms="139" status="PASS">
          <reporter-output>
          </reporter-output>
        </test-method> <!-- afterMethod -->
      </class> <!-- Group001.HomeCredit.NewCustomerCreated -->
    </test> <!-- Default test -->
  </suite> <!-- Default suite -->
</testng-results>
